[INFO  - 2017-06-07T01:28:32.650Z] GhostDriver - Main - running on port 49474
[INFO  - 2017-06-07T01:28:33.538Z] Session [9eea2070-4b20-11e7-a294-8d3c88d181c7] - page.settings - {"XSSAuditingEnabled":false,"javascriptCanCloseWindows":true,"javascriptCanOpenWindows":true,"javascriptEnabled":true,"loadImages":true,"localToRemoteUrlAccessEnabled":false,"userAgent":"Mozilla/5.0 (Unknown; Linux x86_64) AppleWebKit/538.1 (KHTML, like Gecko) PhantomJS/2.1.1 Safari/538.1","webSecurityEnabled":true}
[INFO  - 2017-06-07T01:28:33.538Z] Session [9eea2070-4b20-11e7-a294-8d3c88d181c7] - page.customHeaders:  - {}
[INFO  - 2017-06-07T01:28:33.539Z] Session [9eea2070-4b20-11e7-a294-8d3c88d181c7] - Session.negotiatedCapabilities - {"browserName":"phantomjs","version":"2.1.1","driverName":"ghostdriver","driverVersion":"1.2.0","platform":"linux-unknown-64bit","javascriptEnabled":true,"takesScreenshot":true,"handlesAlerts":false,"databaseEnabled":false,"locationContextEnabled":false,"applicationCacheEnabled":false,"browserConnectionEnabled":false,"cssSelectorsEnabled":true,"webStorageEnabled":false,"rotatable":false,"acceptSslCerts":false,"nativeEvents":true,"proxy":{"proxyType":"direct"}}
[INFO  - 2017-06-07T01:28:33.539Z] SessionManagerReqHand - _postNewSessionCommand - New Session Created: 9eea2070-4b20-11e7-a294-8d3c88d181c7
[ERROR - 2017-06-07T01:28:59.843Z] Session [9eea2070-4b20-11e7-a294-8d3c88d181c7] - page.onError - msg: Facebook Pixel Error: [ID:802574803157043] An invalid email address was specified for 'em'. This data will not be sent with any events for this Pixel.

  phantomjs://platform/console++.js:263 in error
[ERROR - 2017-06-07T01:28:59.844Z] Session [9eea2070-4b20-11e7-a294-8d3c88d181c7] - page.onError - stack:
  fc (https://connect.facebook.net/en_US/fbevents.js:24)

  phantomjs://platform/console++.js:263 in error
[ERROR - 2017-06-07T01:28:59.849Z] Session [9eea2070-4b20-11e7-a294-8d3c88d181c7] - page.onError - msg: Facebook Pixel Error: ReferenceError: Can't find variable: Set

  phantomjs://platform/console++.js:263 in error
[ERROR - 2017-06-07T01:28:59.850Z] Session [9eea2070-4b20-11e7-a294-8d3c88d181c7] - page.onError - stack:
  fc (https://connect.facebook.net/en_US/fbevents.js:24)

  phantomjs://platform/console++.js:263 in error
[ERROR - 2017-06-07T01:29:17.696Z] Session [9eea2070-4b20-11e7-a294-8d3c88d181c7] - page.onError - msg: Facebook Pixel Error: [ID:802574803157043] An invalid email address was specified for 'em'. This data will not be sent with any events for this Pixel.

  phantomjs://platform/console++.js:263 in error
[ERROR - 2017-06-07T01:29:17.696Z] Session [9eea2070-4b20-11e7-a294-8d3c88d181c7] - page.onError - stack:
  fc (https://connect.facebook.net/en_US/fbevents.js:24)

  phantomjs://platform/console++.js:263 in error
[ERROR - 2017-06-07T01:29:17.699Z] Session [9eea2070-4b20-11e7-a294-8d3c88d181c7] - page.onError - msg: Facebook Pixel Error: ReferenceError: Can't find variable: Set

  phantomjs://platform/console++.js:263 in error
[ERROR - 2017-06-07T01:29:17.699Z] Session [9eea2070-4b20-11e7-a294-8d3c88d181c7] - page.onError - stack:
  fc (https://connect.facebook.net/en_US/fbevents.js:24)

  phantomjs://platform/console++.js:263 in error
